  HelloSDL.cpp
c:\users\alexe\source\repos\arkanoid\arkanoid\hellosdl.cpp(48): warning C4244: 'argument': conversion from 'float' to 'Uint8', possible loss of data
  main.cpp
  Generating Code...
  Arkanoid.vcxproj -> C:\Users\alexe\source\repos\Arkanoid\\bin\Win32Debug\Arkanoid.exe
  C:\Users\alexe\source\repos\Arkanoid\\dep\dll\x86\libFLAC-8.dll
  C:\Users\alexe\source\repos\Arkanoid\\dep\dll\x86\libfreetype-6.dll
  C:\Users\alexe\source\repos\Arkanoid\\dep\dll\x86\libjpeg-9.dll
  C:\Users\alexe\source\repos\Arkanoid\\dep\dll\x86\libmodplug-1.dll
  C:\Users\alexe\source\repos\Arkanoid\\dep\dll\x86\libogg-0.dll
  C:\Users\alexe\source\repos\Arkanoid\\dep\dll\x86\libpng16-16.dll
  C:\Users\alexe\source\repos\Arkanoid\\dep\dll\x86\libtiff-5.dll
  C:\Users\alexe\source\repos\Arkanoid\\dep\dll\x86\libvorbis-0.dll
  C:\Users\alexe\source\repos\Arkanoid\\dep\dll\x86\libvorbisfile-3.dll
  C:\Users\alexe\source\repos\Arkanoid\\dep\dll\x86\libwebp-4.dll
  C:\Users\alexe\source\repos\Arkanoid\\dep\dll\x86\SDL2.dll
  C:\Users\alexe\source\repos\Arkanoid\\dep\dll\x86\SDL2_image.dll
  C:\Users\alexe\source\repos\Arkanoid\\dep\dll\x86\SDL2_mixer.dll
  C:\Users\alexe\source\repos\Arkanoid\\dep\dll\x86\SDL2_net.dll
  C:\Users\alexe\source\repos\Arkanoid\\dep\dll\x86\SDL2_ttf.dll
  C:\Users\alexe\source\repos\Arkanoid\\dep\dll\x86\smpeg2.dll
  C:\Users\alexe\source\repos\Arkanoid\\dep\dll\x86\zlib1.dll
  17 archivo(s) copiado(s)
